<?xml version="1.0" encoding="UTF-8"?>
<testsuite name="SumadoraTest" tests="1" skipped="0" failures="0" errors="0" timestamp="2017-02-07T15:44:43" hostname="GGIECSOFWRK137" time="0.0">
  <properties/>
  <testcase name="test" classname="SumadoraTest" time="0.0"/>
  <system-out><![CDATA[]]></system-out>
  <system-err><![CDATA[]]></system-err>
</testsuite>
