<?xml version="1.0" encoding="UTF-8"?>
<testsuite name="SumadoraTest" tests="4" skipped="0" failures="0" errors="0" timestamp="2017-02-07T16:55:55" hostname="GGIECSOFWRK137" time="0.013">
  <properties/>
  <testcase name="cuandoDosNumerosSonUsadosEntoncesRetornamosSuSuma" classname="SumadoraTest" time="0.011"/>
  <testcase name="test" classname="SumadoraTest" time="0.0"/>
  <testcase name="sumarMasDeDosNumeros" classname="SumadoraTest" time="0.001"/>
  <testcase name="cuandoUnSoloNumeroEsUsadoSeRetornaEseValor" classname="SumadoraTest" time="0.0"/>
  <system-out><![CDATA[]]></system-out>
  <system-err><![CDATA[]]></system-err>
</testsuite>
